  main.cpp
C:\Program Files\Microsoft Visual Studio\2022\Community\VC\Tools\MSVC\14.37.32822\include\xutility(240,76): warning C4244: "Argument": Konvertierung von "_Ty" in "real", möglicher Datenverlust
          with
          [
              _Ty=double
          ]
C:\Program Files\Microsoft Visual Studio\2022\Community\VC\Tools\MSVC\14.37.32822\include\xutility(250,14): message : Siehe Verweis auf die gerade kompilierte Instanziierung "_Ty *std::construct_at<_Ty,vpe::VPEWorld*&,std::basic_string<char,std::char_traits<char>,std::allocator<char>>,ve::VEClothEntity*&,vpe::VPEWorld::callback_move_cloth&,vpe::VPEWorld::callback_erase_cloth&,std::vector<vh::vhVertex,std::allocator<vh::vhVertex>>&,std::vector<std::seed_seq::result_type,std::allocator<std::seed_seq::result_type>>&,std::vector<glm::vec3,std::allocator<glm::vec3>>&,int,int,double,0x0>(_Ty *const ,vpe::VPEWorld *&,std::basic_string<char,std::char_traits<char>,std::allocator<char>> &&,ve::VEClothEntity *&,vpe::VPEWorld::callback_move_cloth &,vpe::VPEWorld::callback_erase_cloth &,std::vector<vh::vhVertex,std::allocator<vh::vhVertex>> &,std::vector<std::seed_seq::result_type,std::allocator<std::seed_seq::result_type>> &,std::vector<glm::vec3,std::allocator<glm::vec3>> &,int &&,int &&,double &&) noexcept(<expr>)" der Funktions-Vorlage.
          with
          [
              _Ty=vpe::VPEWorld::Cloth
          ]
C:\Program Files\Microsoft Visual Studio\2022\Community\VC\Tools\MSVC\14.37.32822\include\memory(2104,18): message : Siehe Verweis auf die gerade kompilierte Instanziierung "void std::_Construct_in_place<_Ty,vpe::VPEWorld*&,std::basic_string<char,std::char_traits<char>,std::allocator<char>>,ve::VEClothEntity*&,vpe::VPEWorld::callback_move_cloth&,vpe::VPEWorld::callback_erase_cloth&,std::vector<vh::vhVertex,std::allocator<vh::vhVertex>>&,std::vector<std::seed_seq::result_type,std::allocator<std::seed_seq::result_type>>&,std::vector<glm::vec3,std::allocator<glm::vec3>>&,int,int,double>(_Ty &,vpe::VPEWorld *&,std::basic_string<char,std::char_traits<char>,std::allocator<char>> &&,ve::VEClothEntity *&,vpe::VPEWorld::callback_move_cloth &,vpe::VPEWorld::callback_erase_cloth &,std::vector<vh::vhVertex,std::allocator<vh::vhVertex>> &,std::vector<std::seed_seq::result_type,std::allocator<std::seed_seq::result_type>> &,std::vector<glm::vec3,std::allocator<glm::vec3>> &,int &&,int &&,double &&) noexcept(false)" der Funktions-Vorlage.
          with
          [
              _Ty=vpe::VPEWorld::Cloth
          ]
C:\Program Files\Microsoft Visual Studio\2022\Community\VC\Tools\MSVC\14.37.32822\include\memory(2779,46): message : Siehe Verweis auf die gerade kompilierte Instanziierung "std::_Ref_count_obj2<vpe::VPEWorld::Cloth>::_Ref_count_obj2<vpe::VPEWorld*&,_Ty,ve::VEClothEntity*&,vpe::VPEWorld::callback_move_cloth&,vpe::VPEWorld::callback_erase_cloth&,std::vector<vh::vhVertex,std::allocator<vh::vhVertex>>&,std::vector<std::seed_seq::result_type,std::allocator<std::seed_seq::result_type>>&,std::vector<glm::vec3,std::allocator<glm::vec3>>&,int,int,double>(vpe::VPEWorld *&,_Ty &&,ve::VEClothEntity *&,vpe::VPEWorld::callback_move_cloth &,vpe::VPEWorld::callback_erase_cloth &,std::vector<vh::vhVertex,std::allocator<vh::vhVertex>> &,std::vector<std::seed_seq::result_type,std::allocator<std::seed_seq::result_type>> &,std::vector<glm::vec3,std::allocator<glm::vec3>> &,int &&,int &&,double &&)" der Funktions-Vorlage.
          with
          [
              _Ty=std::basic_string<char,std::char_traits<char>,std::allocator<char>>
          ]
C:\Users\hlavacs\Documents\GitHub\ViennaPhysicsEngine\examples\physicsexample\main.cpp(663,30): message : Siehe Verweis auf die gerade kompilierte Instanziierung "std::shared_ptr<vpe::VPEWorld::Cloth> std::make_shared<vpe::VPEWorld::Cloth,vpe::VPEWorld*&,std::basic_string<char,std::char_traits<char>,std::allocator<char>>,ve::VEClothEntity*&,vpe::VPEWorld::callback_move_cloth&,vpe::VPEWorld::callback_erase_cloth&,std::vector<vh::vhVertex,std::allocator<vh::vhVertex>>&,std::vector<std::seed_seq::result_type,std::allocator<std::seed_seq::result_type>>&,std::vector<glm::vec3,std::allocator<glm::vec3>>&,int,int,double>(vpe::VPEWorld *&,std::basic_string<char,std::char_traits<char>,std::allocator<char>> &&,ve::VEClothEntity *&,vpe::VPEWorld::callback_move_cloth &,vpe::VPEWorld::callback_erase_cloth &,std::vector<vh::vhVertex,std::allocator<vh::vhVertex>> &,std::vector<std::seed_seq::result_type,std::allocator<std::seed_seq::result_type>> &,std::vector<glm::vec3,std::allocator<glm::vec3>> &,int &&,int &&,double &&)" der Funktions-Vorlage.
C:\Program Files\Microsoft Visual Studio\2022\Community\VC\Tools\MSVC\14.37.32822\include\xutility(240,76): warning C4244: "Argument": Konvertierung von "_Ty" in "real", möglicher Datenverlust
          with
          [
              _Ty=int
          ]
C:\Program Files\Microsoft Visual Studio\2022\Community\VC\Tools\MSVC\14.37.32822\include\xutility(254,82): warning C4244: "Argument": Konvertierung von "_Ty" in "real", möglicher Datenverlust
          with
          [
              _Ty=double
          ]
C:\Program Files\Microsoft Visual Studio\2022\Community\VC\Tools\MSVC\14.37.32822\include\xutility(254,82): warning C4244: "Argument": Konvertierung von "_Ty" in "real", möglicher Datenverlust
          with
          [
              _Ty=int
          ]
C:\Program Files\Microsoft Visual Studio\2022\Community\VC\Tools\MSVC\14.37.32822\include\xutility(241,90): warning C4244: "Argument": Konvertierung von "_Ty" in "real", möglicher Datenverlust
          with
          [
              _Ty=double
          ]
C:\Program Files\Microsoft Visual Studio\2022\Community\VC\Tools\MSVC\14.37.32822\include\xutility(250,14): message : Siehe Verweis auf die gerade kompilierte Instanziierung "_Ty *std::construct_at<_Ty,vpe::VPEWorld*&,std::basic_string<char,std::char_traits<char>,std::allocator<char>>,ve::VEClothEntity*&,vpe::VPEWorld::callback_move_cloth&,vpe::VPEWorld::callback_erase_cloth&,std::vector<vh::vhVertex,std::allocator<vh::vhVertex>>&,std::vector<std::seed_seq::result_type,std::allocator<std::seed_seq::result_type>>&,std::vector<glm::vec3,std::allocator<glm::vec3>>&,int,int,double,0x0>(_Ty *const ,vpe::VPEWorld *&,std::basic_string<char,std::char_traits<char>,std::allocator<char>> &&,ve::VEClothEntity *&,vpe::VPEWorld::callback_move_cloth &,vpe::VPEWorld::callback_erase_cloth &,std::vector<vh::vhVertex,std::allocator<vh::vhVertex>> &,std::vector<std::seed_seq::result_type,std::allocator<std::seed_seq::result_type>> &,std::vector<glm::vec3,std::allocator<glm::vec3>> &,int &&,int &&,double &&) noexcept(false)" der Funktions-Vorlage.
          with
          [
              _Ty=vpe::VPEWorld::Cloth
          ]
C:\Program Files\Microsoft Visual Studio\2022\Community\VC\Tools\MSVC\14.37.32822\include\memory(2104,18): message : Siehe Verweis auf die gerade kompilierte Instanziierung "void std::_Construct_in_place<_Ty,vpe::VPEWorld*&,std::basic_string<char,std::char_traits<char>,std::allocator<char>>,ve::VEClothEntity*&,vpe::VPEWorld::callback_move_cloth&,vpe::VPEWorld::callback_erase_cloth&,std::vector<vh::vhVertex,std::allocator<vh::vhVertex>>&,std::vector<std::seed_seq::result_type,std::allocator<std::seed_seq::result_type>>&,std::vector<glm::vec3,std::allocator<glm::vec3>>&,int,int,double>(_Ty &,vpe::VPEWorld *&,std::basic_string<char,std::char_traits<char>,std::allocator<char>> &&,ve::VEClothEntity *&,vpe::VPEWorld::callback_move_cloth &,vpe::VPEWorld::callback_erase_cloth &,std::vector<vh::vhVertex,std::allocator<vh::vhVertex>> &,std::vector<std::seed_seq::result_type,std::allocator<std::seed_seq::result_type>> &,std::vector<glm::vec3,std::allocator<glm::vec3>> &,int &&,int &&,double &&) noexcept(false)" der Funktions-Vorlage.
          with
          [
              _Ty=vpe::VPEWorld::Cloth
          ]
C:\Program Files\Microsoft Visual Studio\2022\Community\VC\Tools\MSVC\14.37.32822\include\xutility(241,90): warning C4244: "Argument": Konvertierung von "_Ty" in "real", möglicher Datenverlust
          with
          [
              _Ty=int
          ]
LINK : warning LNK4098: Standardbibliothek "MSVCRT" steht in Konflikt mit anderen Bibliotheken; /NODEFAULTLIB:Bibliothek verwenden.
  physicsexample.vcxproj -> C:\Users\hlavacs\Documents\GitHub\ViennaVulkanEngine\bin\Debug\physicsexample.exe
